<?xml version="1.0" encoding="UTF-8"?>
<!-- Generated by org.testng.reporters.JUnitReportReporter -->
<testsuite hostname="DESKTOP-LLSKCB3" failures="0" tests="1" name="piit.AutomationTrainingProgram.Browser" time="0.187" errors="0" timestamp="2022-05-10T20:40:10 EDT" skipped="0">
  <testcase classname="piit.AutomationTrainingProgram.Browser" name="f" time="0.187"/>
  <system-out/>
</testsuite> <!-- piit.AutomationTrainingProgram.Browser -->
