<?xml version="1.0" encoding="UTF-8"?>
<!-- Generated by org.testng.reporters.JUnitReportReporter -->
<testsuite hostname="DESKTOP-LLSKCB3" failures="0" tests="2" name="piit.AutomationTrainingProgram.Execution" time="0.002" errors="0" timestamp="2022-05-10T20:40:10 EDT" skipped="0">
  <testcase classname="piit.AutomationTrainingProgram.Execution" name="f" time="0.002"/>
  <system-out/>
  <testcase classname="piit.AutomationTrainingProgram.Execution" name="test2" time="0.000"/>
  <system-out/>
</testsuite> <!-- piit.AutomationTrainingProgram.Execution -->
